<?xml version="1.0" encoding="UTF-8"?>
<!-- Generated by org.testng.reporters.JUnitXMLReporter -->
<testsuite hostname="Sai-PC" name="end to end Testing" tests="4" failures="3" timestamp="6 Oct 2016 16:09:48 GMT" time="0.103" errors="0">
  <testcase name="loginTest" time="0.016" classname="day21.Login">
    <skipped/>
  </testcase> <!-- loginTest -->
  <testcase name="addEmployeeTest" time="0.05" classname="day21.AddEmployee">
    <failure type="java.lang.NullPointerException">
      <![CDATA[java.lang.NullPointerException
	at day21.AddEmployee.addEmployeeTest(AddEmployee.java:10)
... Removed 23 stack frames]]>
    </failure>
  </testcase> <!-- addEmployeeTest -->
  <testcase name="deleteEmpTest" time="0.001" classname="day21.DeleteEmployee">
    <failure type="java.lang.NullPointerException">
      <![CDATA[java.lang.NullPointerException
	at day21.DeleteEmployee.deleteEmpTest(DeleteEmployee.java:13)
... Removed 23 stack frames]]>
    </failure>
  </testcase> <!-- deleteEmpTest -->
  <testcase name="logoutTest" time="0.001" classname="day21.Logout">
    <failure type="java.lang.NullPointerException">
      <![CDATA[java.lang.NullPointerException
	at day21.Logout.logoutTest(Logout.java:10)
... Removed 23 stack frames]]>
    </failure>
  </testcase> <!-- logoutTest -->
</testsuite> <!-- end to end Testing -->
