<?xml version="1.0" encoding="UTF-8"?>
<testng-results skipped="0" failed="0" total="1" passed="1">
  <reporter-output>
  </reporter-output>
  <suite name="Default suite" duration-ms="45386" started-at="2016-10-07T03:33:01Z" finished-at="2016-10-07T03:33:46Z">
    <groups>
    </groups>
    <test name="Default test" duration-ms="45386" started-at="2016-10-07T03:33:01Z" finished-at="2016-10-07T03:33:46Z">
      <class name="day28.DBDatadrivenTesting">
        <test-method status="PASS" signature="setUp()[pri:0, instance:day28.DBDatadrivenTesting@4318dcec]" name="setUp" is-config="true" duration-ms="26979" started-at="2016-10-06T20:33:01Z" finished-at="2016-10-06T20:33:28Z">
          <reporter-output>
          </reporter-output>
        </test-method> <!-- setUp -->
        <test-method status="PASS" signature="linksTest()[pri:0, instance:day28.DBDatadrivenTesting@4318dcec]" name="linksTest" duration-ms="18274" started-at="2016-10-06T20:33:28Z" finished-at="2016-10-06T20:33:46Z">
          <reporter-output>
          </reporter-output>
        </test-method> <!-- linksTest -->
      </class> <!-- day28.DBDatadrivenTesting -->
    </test> <!-- Default test -->
  </suite> <!-- Default suite -->
</testng-results>
